<?xml version="1.0" encoding="UTF-8"?>
<!-- Generated by org.testng.reporters.JUnitXMLReporter -->
<testsuite hostname="DESKTOP-3SUJPVT" ignored="0" name="Banking App Test" tests="2" failures="0" timestamp="04 Feb 2019 17:12:56 GMT" time="144.695" errors="0">
  <testcase name="loginTest" time="11.277" classname="com.inetBanking.testCases.TC_LoginTest_001"/>
  <testcase name="addNewCustomerTest" time="33.966" classname="com.inetBanking.testCases.TC_AddCustTest_003"/>
</testsuite> <!-- Banking App Test -->
